[geneross.co/index.html]
[backblue.gif]
[fade.gif]
[index.html]
[geneross.co/assets/img/favicon.ico]
[ajax.googleapis.com/ajax/libs/jquery/1.12.0/jquery.min.js]
[geneross.co/assets/js/lib/jquery.waypoints.min.js]
[geneross.co/assets/js/lib/inview.min.js]
[cdnjs.cloudflare.com/ajax/libs/gsap/1.18.4/TweenMax.min.js]
[geneross.co/assets/img/main.jpg]
[geneross.co/assets/js/gr.js]
[geneross.co/index.html]
[geneross.co/assets/fonts/SuisseIntl-Regular.woff2]
[geneross.co/assets/fonts/SuisseIntl-Regular.woff]
[geneross.co/assets/fonts/SuisseIntl-Medium.woff2]
[geneross.co/assets/fonts/SuisseIntl-Medium.woff]
[geneross.co/assets/img/bg-dark.jpg]
[geneross.co/assets/img/bg-light.jpg]
[geneross.co/assets/css/main.css]
[geneross.co/assets/img/icon-insta.svg]
[geneross.co/assets/img/icon-drib.svg]
[geneross.co/assets/img/icon-behance.svg]
[geneross.co/assets/img/icon-twitter.svg]
